Asset version : 0.1.6, asset core version : 0.1.6
http://ndss.cosyjoy.com/sgk/patch/index2.php?platform=Windows&v=0.1.20&t=dev&c=0&core_version=0.1.20&asset_version=0.1.6&asset_core_version=0.1.6
There are no audio listeners in the scene. Please ensure there is always one audio listener in the scene
There are no audio listeners in the scene. Please ensure there is always one audio listener in the scene
There are no audio listeners in the scene. Please ensure there is always one audio listener in the scene
There are no audio listeners in the scene. Please ensure there is always one audio listener in the scene
There are no audio listeners in the scene. Please ensure there is always one audio listener in the scene
There are no audio listeners in the scene. Please ensure there is always one audio listener in the scene
There are no audio listeners in the scene. Please ensure there is always one audio listener in the scene
There are no audio listeners in the scene. Please ensure there is always one audio listener in the scene
There are no audio listeners in the scene. Please ensure there is always one audio listener in the scene
There are no audio listeners in the scene. Please ensure there is always one audio listener in the scene
There are no audio listeners in the scene. Please ensure there is always one audio listener in the scene
There are no audio listeners in the scene. Please ensure there is always one audio listener in the scene
There are no audio listeners in the scene. Please ensure there is always one audio listener in the scene
There are no audio listeners in the scene. Please ensure there is always one audio listener in the scene
There are no audio listeners in the scene. Please ensure there is always one audio listener in the scene
There are no audio listeners in the scene. Please ensure there is always one audio listener in the scene
There are no audio listeners in the scene. Please ensure there is always one audio listener in the scene
{"version":"0.1.20","asset_version":"0.1.6","tag":"dev","patchURL":"http:\/\/10.1.2.22\/sgk\/patch\/Windows","server_list":[{"id":108,"name":"\u5f00\u53d1\u6d4b\u8bd5\u670d","host":"10.1.2.22","port":18910,"flag":1},{"id":10001,"name":"\u5185\u90e8\u6d4b\u8bd5\u670d","host":"10.1.2.79","port":10001,"flag":1},{"id":10010,"name":"\u6d4b\u8bd5\u670d(3)","host":"106.75.226.73","port":10010,"flag":1}],"patch_list":[]}
version:0.1.20:0.1.6:0.1.6
load error Lua/xlua/util.lua.bytes
LUA: utils.EventManager ---------------- debug
SceneManager sceneLoaded:blank
ResourcesManager:ResetLoader
SceneManager sceneLoaded unload:PersistentScene
Collect:
SceneManager LoadScenes:login_scene2
SceneManager sceneLoaded unload:blank
SceneManager sceneLoaded:login_scene2
'dl_bg_5_ani' AnimationEvent has no function name specified!
'dl_bg_5_ani' AnimationEvent has no function name specified!
LUA: playerModule:Login	10.1.2.22	18910
LUA: connect	10.1.2.22	18910
LUA: module.TeamActivityModule:192: team is not ready
LUA: sync time success	1538301883.0
LUA: utils.NetworkService:28: server error	16234	{
  [1] = 31,
  [2] = 3,
},

LUA: utils.NetworkService:28: server error	15002	{
  [1] = 19,
  [2] = 1,
},

LUA: utils.NetworkService:28: server error	17106	{
  [1] = 34,
  [2] = 1,
},

LUA: utils.NetworkService:28: server error	17106	{
  [1] = 35,
  [2] = 1,
},

LUA: utils.NetworkService:28: server error	17106	{
  [1] = 36,
  [2] = 1,
},

LUA: utils.NetworkService:28: server error	17106	{
  [1] = 37,
  [2] = 1,
},

LUA: utils.NetworkService:28: server error	17106	{
  [1] = 38,
  [2] = 1,
},

LUA: utils.NetworkService:28: server error	17106	{
  [1] = 39,
  [2] = 1,
},

LUA: utils.NetworkService:28: server error	17106	{
  [1] = 40,
  [2] = 1,
},

LUA: utils.NetworkService:28: server error	17106	{
  [1] = 41,
  [2] = 1,
},

LUA: SetServerInfo	108	开发测试服
LUA: hero config not exists 	92006
LUA: module.unionScienceModule:51: 查询捐献物资
LUA: module.ShopModule:283: 商店获取err shop_id:9	1
LUA: module.worldBossModule:659: =============登录查询世界Boss	{
  [1] = 53,
  [2] = 0,
  [3] = 1,
  [4] = 2010200,
  [5] = 1538301600.0,
  [6] = 921000,
  [7] = 921000,
  [8] = 1200,
  [9] = 10,
  [10] = 1538301883.0,
  [11] = 2493,
  [12] = 0,
},

LUA: utils.NetworkService:28: server error	17106	{
  [1] = 42,
  [2] = 1,
},

LUA: utils.NetworkService:28: server error	17106	{
  [1] = 43,
  [2] = 1,
},

SceneManager sceneLoaded:blank
LUA: 查询海选返回	{
  [1] = 50,
  [2] = 0,
  [3] =
  {
    [1] = 10,
    [2] =
    {
    },
    [3] =
    {
    },
    [4] =
    {
    },
    [5] = 1,
    [6] = 1538227800.0,
    [7] = 1538310599.0,
    [8] = 1538310600.0,
    [9] = 1538311800.0,
    [10] = 1538314200.0,
    [11] = 0,
    [12] = 0,
    [13] = 0,
    [14] =
    {
    },
  },
},

LUA: 查询海选返回	{
  [1] = 51,
  [2] = 0,
  [3] =
  {
    [1] = 19,
    [2] =
    {
    },
    [3] =
    {
    },
    [4] =
    {
    },
    [5] = 2,
    [6] = 1538227800.0,
    [7] = 1538310599.0,
    [8] = 1538310600.0,
    [9] = 1538311800.0,
    [10] = 1538314200.0,
    [11] = 0,
    [12] = 0,
    [13] = 0,
    [14] =
    {
    },
  },
},

LUA: 查询海选返回	{
  [1] = 52,
  [2] = 0,
  [3] =
  {
    [1] = 27,
    [2] =
    {
    },
    [3] =
    {
    },
    [4] =
    {
    },
    [5] = 3,
    [6] = 1538227800.0,
    [7] = 1538310599.0,
    [8] = 1538310600.0,
    [9] = 1538311800.0,
    [10] = 1538314200.0,
    [11] = 0,
    [12] = 0,
    [13] = 0,
    [14] =
    {
    },
  },
},

LUA: 活动配置刷新Succeed	1	{
  [1] =
  {
    [1] = 1,
    [2] = 101,
    [3] = 1467752400.0,
    [4] = 1783285199.0,
    [5] = 36000,
    [6] = 10,
    [7] = 41,
    [8] = 90002,
    [9] = 6000,
    [10] = 5400,
    [11] = 10,
    [12] = 0,
    [13] = 0,
    [14] = 0,
    [15] = 0,
    [16] = 0,
    [17] = 0,
    [18] = 41,
    [19] = 90221,
    [20] = 1,
    [21] = 1,
    [22] =
    {
      [1] =
      {
        [1] = 101,
        [2] = 1488729600.0,
        [3] = 1783285200.0,
        [4] = 0,
        [5] = 0,
      },
    },
  },
},

LUA: 活动配置刷新Succeed	4	{
  [1] =
  {
    [1] = 2,
    [2] = 201,
    [3] = 1467752400.0,
    [4] = 1783285199.0,
    [5] = 72000,
    [6] = 10,
    [7] = 41,
    [8] = 90003,
    [9] = 180,
    [10] = 162,
    [11] = 10,
    [12] = 0,
    [13] = 0,
    [14] = 0,
    [15] = 0,
    [16] = 0,
    [17] = 0,
    [18] = 41,
    [19] = 90222,
    [20] = 1,
    [21] = 1,
    [22] =
    {
      [1] =
      {
        [1] = 201,
        [2] = 1488729600.0,
        [3] = 1783285200.0,
        [4] = 0,
        [5] = 0,
      },
    },
  },
  [2] =
  {
    [1] = 4,
    [2] = 401,
    [3] = 1529272800.0,
    [4] = 1783285199.0,
    [5] = 86400,
    [6] = 10,
    [7] = 41,
    [8] = 90003,
    [9] = 280,
    [10] = 252,
    [11] = 10,
    [12] = 0,
    [13] = 0,
    [14] = 0,
    [15] = 0,
    [16] = 0,
    [17] = 0,
    [18] = 0,
    [19] = 0,
    [20] = 0,
    [21] = 0,
    [22] =
    {
      [1] =
      {
        [1] = 401,
        [2] = 1529272800.0,
        [3] = 1783285200.0,
        [4] = 518400,
        [5] = 86400,
      },
    },
  },
  [3] =
  {
    [1] = 5,
    [2] = 402,
    [3] = 1529272800.0,
    [4] = 1783285199.0,
    [5] = 86400,
    [6] = 10,
    [7] = 41,
    [8] = 90003,
    [9] = 280,
    [10] = 252,
    [11] = 10,
    [12] = 0,
    [13] = 0,
    [14] = 0,
    [15] = 0,
    [16] = 0,
    [17] = 0,
    [18] = 0,
    [19] = 0,
    [20] = 0,
    [21] = 0,
    [22] =
    {
      [1] =
      {
        [1] = 402,
        [2] = 1529272800.0,
        [3] = 1783285200.0,
        [4] = 518400,
        [5] = 86400,
      },
    },
  },
  [4] =
  {
    [1] = 6,
    [2] = 401,
    [3] = 1529359200.0,
    [4] = 1783285199.0,
    [5] = 86400,
    [6] = 10,
    [7] = 41,
    [8] = 90003,
    [9] = 280,
    [10] = 252,
    [11] = 10,
    [12] = 0,
    [13] = 0,
    [14] = 0,
    [15] = 0,
    [16] = 0,
    [17] = 0,
    [18] = 0,
    [19] = 0,
    [20] = 0,
    [21] = 0,
    [22] =
    {
      [1] =
      {
        [1] = 401,
        [2] = 1529359200.0,
        [3] = 1783285200.0,
        [4] = 518400,
        [5] = 86400,
      },
    },
  },
  [5] =
  {
    [1] = 7,
    [2] = 402,
    [3] = 1529359200.0,
    [4] = 1783285199.0,
    [5] = 86400,
    [6] = 10,
    [7] = 41,
    [8] = 90003,
    [9] = 280,
    [10] = 252,
    [11] = 10,
    [12] = 0,
    [13] = 0,
    [14] = 0,
    [15] = 0,
    [16] = 0,
    [17] = 0,
    [18] = 0,
    [19] = 0,
    [20] = 0,
    [21] = 0,
    [22] =
    {
      [1] =
      {
        [1] = 402,
        [2] = 1529359200.0,
        [3] = 1783285200.0,
        [4] = 518400,
        [5] = 86400,
      },
    },
  },
  [6] =
  {
    [1] = 8,
    [2] = 401,
    [3] = 1529445600.0,
    [4] = 1783285199.0,
    [5] = 86400,
    [6] = 10,
    [7] = 41,
    [8] = 90003,
    [9] = 280,
    [10] = 252,
    [11] = 10,
    [12] = 0,
    [13] = 0,
    [14] = 0,
    [15] = 0,
    [16] = 0,
    [17] = 0,
    [18] = 0,
    [19] = 0,
    [20] = 0,
    [21] = 0,
    [22] =
    {
      [1] =
      {
        [1] = 401,
        [2] = 1529445600.0,
        [3] = 1783285200.0,
        [4] = 518400,
        [5] = 86400,
      },
    },
  },
  [7] =
  {
    [1] = 9,
    [2] = 402,
    [3] = 1529445600.0,
    [4] = 1783285199.0,
    [5] = 86400,
    [6] = 10,
    [7] = 41,
    [8] = 90003,
    [9] = 280,
    [10] = 252,
    [11] = 10,
    [12] = 0,
    [13] = 0,
    [14] = 0,
    [15] = 0,
    [16] = 0,
    [17] = 0,
    [18] = 0,
    [19] = 0,
    [20] = 0,
    [21] = 0,
    [22] =
    {
      [1] =
      {
        [1] = 402,
        [2] = 1529445600.0,
        [3] = 1783285200.0,
        [4] = 518400,
        [5] = 86400,
      },
    },
  },
  [8] =
  {
    [1] = 11,
    [2] = 402,
    [3] = 1529532000.0,
    [4] = 1783285199.0,
    [5] = 86400,
    [6] = 10,
    [7] = 41,
    [8] = 90003,
    [9] = 280,
    [10] = 252,
    [11] = 10,
    [12] = 0,
    [13] = 0,
    [14] = 0,
    [15] = 0,
    [16] = 0,
    [17] = 0,
    [18] = 0,
    [19] = 0,
    [20] = 0,
    [21] = 0,
    [22] =
    {
      [1] =
      {
        [1] = 402,
        [2] = 1529532000.0,
        [3] = 1783285200.0,
        [4] = 518400,
        [5] = 86400,
      },
    },
  },
  [9] =
  {
    [1] = 10,
    [2] = 401,
    [3] = 1529532000.0,
    [4] = 1783285199.0,
    [5] = 86400,
    [6] = 10,
    [7] = 41,
    [8] = 90003,
    [9] = 280,
    [10] = 252,
    [11] = 10,
    [12] = 0,
    [13] = 0,
    [14] = 0,
    [15] = 0,
    [16] = 0,
    [17] = 0,
    [18] = 0,
    [19] = 0,
    [20] = 0,
    [21] = 0,
    [22] =
    {
      [1] =
      {
        [1] = 401,
        [2] = 1529532000.0,
        [3] = 1783285200.0,
        [4] = 518400,
        [5] = 86400,
      },
    },
  },
  [10] =
  {
    [1] = 13,
    [2] = 402,
    [3] = 1529618400.0,
    [4] = 1783285199.0,
    [5] = 86400,
    [6] = 10,
    [7] = 41,
    [8] = 90003,
    [9] = 280,
    [10] = 252,
    [11] = 10,
    [12] = 0,
    [13] = 0,
    [14] = 0,
    [15] = 0,
    [16] = 0,
    [17] = 0,
    [18] = 0,
    [19] = 0,
    [20] = 0,
    [21] = 0,
    [22] =
    {
      [1] =
      {
        [1] = 402,
        [2] = 1529618400.0,
        [3] = 1783285200.0,
        [4] = 518400,
        [5] = 86400,
      },
    },
  },
  [11] =
  {
    [1] = 12,
    [2] = 401,
    [3] = 1529618400.0,
    [4] = 1783285199.0,
    [5] = 86400,
    [6] = 10,
    [7] = 41,
    [8] = 90003,
    [9] = 280,
    [10] = 252,
    [11] = 10,
    [12] = 0,
    [13] = 0,
    [14] = 0,
    [15] = 0,
    [16] = 0,
    [17] = 0,
    [18] = 0,
    [19] = 0,
    [20] = 0,
    [21] = 0,
    [22] =
    {
      [1] =
      {
        [1] = 401,
        [2] = 1529618400.0,
        [3] = 1783285200.0,
        [4] = 518400,
        [5] = 86400,
      },
    },
  },
  [12] =
  {
    [1] = 15,
    [2] = 402,
    [3] = 1529704800.0,
    [4] = 1783285199.0,
    [5] = 86400,
    [6] = 10,
    [7] = 41,
    [8] = 90003,
    [9] = 280,
    [10] = 252,
    [11] = 10,
    [12] = 0,
    [13] = 0,
    [14] = 0,
    [15] = 0,
    [16] = 0,
    [17] = 0,
    [18] = 0,
    [19] = 0,
    [20] = 0,
    [21] = 0,
    [22] =
    {
      [1] =
      {
        [1] = 402,
        [2] = 1529704800.0,
        [3] = 1783285200.0,
        [4] = 518400,
        [5] = 86400,
      },
    },
  },
  [13] =
  {
    [1] = 14,
    [2] = 401,
    [3] = 1529704800.0,
    [4] = 1783285199.0,
    [5] = 86400,
    [6] = 10,
    [7] = 41,
    [8] = 90003,
    [9] = 280,
    [10] = 252,
    [11] = 10,
    [12] = 0,
    [13] = 0,
    [14] = 0,
    [15] = 0,
    [16] = 0,
    [17] = 0,
    [18] = 0,
    [19] = 0,
    [20] = 0,
    [21] = 0,
    [22] =
    {
      [1] =
      {
        [1] = 401,
        [2] = 1529704800.0,
        [3] = 1783285200.0,
        [4] = 518400,
        [5] = 86400,
      },
    },
  },
},

LUA: 活动配置刷新Succeed	5	{
},

LUA: 活动配置刷新Succeed	2	{
  [1] =
  {
    [1] = 3,
    [2] = 11|12|13|14|15,
    [3] = 1467752400.0,
    [4] = 1783285199.0,
    [5] = 0,
    [6] = 0,
    [7] = 41,
    [8] = 90017,
    [9] = 1,
    [10] = 1,
    [11] = 0,
    [12] = 41,
    [13] = 90018,
    [14] = 1,
    [15] = 0,
    [16] = 0,
    [17] = 0,
    [18] = 0,
    [19] = 0,
    [20] = 0,
    [21] = 0,
    [22] =
    {
      [1] =
      {
        [1] = 11,
        [2] = 1488729600.0,
        [3] = 1783285200.0,
        [4] = 86400,
        [5] = 86400,
      },
      [2] =
      {
        [1] = 12,
        [2] = 1488729600.0,
        [3] = 1783285200.0,
        [4] = 86400,
        [5] = 86400,
      },
      [3] =
      {
        [1] = 13,
        [2] = 1488729600.0,
        [3] = 1783285200.0,
        [4] = 86400,
        [5] = 86400,
      },
      [4] =
      {
        [1] = 14,
        [2] = 1488729600.0,
        [3] = 1783285200.0,
        [4] = 86400,
        [5] = 86400,
      },
      [5] =
      {
        [1] = 15,
        [2] = 1488729600.0,
        [3] = 1783285200.0,
        [4] = 86400,
        [5] = 86400,
      },
    },
  },
},

LUA: 查询任务列表	{
  [1] = 56,
  [2] = 0,
  [3] =
  {
    [1] =
    {
      [1] = 42,
      [2] = 1,
      [3] = 0,
      [4] = 14400,
      [5] = 0,
      [6] =
      {
      },
    },
    [2] =
    {
      [1] = 39,
      [2] = 1,
      [3] = 0,
      [4] = 14400,
      [5] = 0,
      [6] =
      {
      },
    },
    [3] =
    {
      [1] = 11,
      [2] = 1,
      [3] = 0,
      [4] = 28800,
      [5] = 0,
      [6] =
      {
      },
    },
    [4] =
    {
      [1] = 7,
      [2] = 1,
      [3] = 0,
      [4] = 36000,
      [5] = 0,
      [6] =
      {
      },
    },
    [5] =
    {
      [1] = 8,
      [2] = 1,
      [3] = 0,
      [4] = 36000,
      [5] = 0,
      [6] =
      {
      },
    },
  },
  [4] = 0,
  [5] = 0,
},

LUA: module.QuestModule:323: canot set global in eventHandle.lua	OnEnterMap	stack traceback:
	module.QuestModule:323: in metamethod '__newindex'
	[string "guide/bounty/eventHandle.lua"]:226: in main chunk
	module.QuestModule:327: in upvalue 'GetQuestEnv'
	module.QuestModule:378: in upvalue 'startQuestScript'
	module.QuestModule:1535: in function <module.QuestModule:1498>
	[C]: in function 'xpcall'
	utils.EventManager:62: in upvalue 'EventManager_CallList'
	utils.EventManager:84: in upvalue 'EventManager_Call'
	utils.EventManager:125: in upvalue 'EventManager_Tick'
	utils.EventManager:163: in function 'utils.EventManager.Tick'
LUA: module.QuestModule:323: canot set global in eventHandle.lua	Guide	stack traceback:
	module.QuestModule:323: in metamethod '__newindex'
	[string "guide/bounty/eventHandle.lua"]:319: in main chunk
	module.QuestModule:327: in upvalue 'GetQuestEnv'
	module.QuestModule:378: in upvalue 'startQuestScript'
	module.QuestModule:1535: in function <module.QuestModule:1498>
	[C]: in function 'xpcall'
	utils.EventManager:62: in upvalue 'EventManager_CallList'
	utils.EventManager:84: in upvalue 'EventManager_Call'
	utils.EventManager:125: in upvalue 'EventManager_Tick'
	utils.EventManager:163: in function 'utils.EventManager.Tick'
LUA: module.QuestModule:323: canot set global in eventHandle.lua	OnAccept	stack traceback:
	module.QuestModule:323: in metamethod '__newindex'
	[string "guide/bounty/eventHandle.lua"]:654: in main chunk
	module.QuestModule:327: in upvalue 'GetQuestEnv'
	module.QuestModule:378: in upvalue 'startQuestScript'
	module.QuestModule:1535: in function <module.QuestModule:1498>
	[C]: in function 'xpcall'
	utils.EventManager:62: in upvalue 'EventManager_CallList'
	utils.EventManager:84: in upvalue 'EventManager_Call'
	utils.EventManager:125: in upvalue 'EventManager_Tick'
	utils.EventManager:163: in function 'utils.EventManager.Tick'
LUA: utils.NetworkService:28: server error	16041	{
  [1] = 72,
  [2] = 50,
},

LUA: module.unionActivityModule:509: server_respond_3217	{
  [1] = 67,
  [2] = 0,
  [3] =
  {
    [1] =
    {
      [1] = 101,
      [2] =
      {
        [1] = 463856574108.0,
      },
      [3] = 1532748473.0,
    },
  },
},

LUA: module.unionScienceModule:139: server_respond_3392	{
  [1] = 68,
  [2] = 0,
  [3] =
  {
    [1] =
    {
      [1] = 90046,
      [2] = 0,
      [3] = 0,
      [4] = 1,
    },
    [2] =
    {
      [1] = 90040,
      [2] = 0,
      [3] = 0,
      [4] = 2,
    },
    [3] =
    {
      [1] = 90041,
      [2] = 0,
      [3] = 0,
      [4] = 3,
    },
    [4] =
    {
      [1] = 90042,
      [2] = 0,
      [3] = 0,
      [4] = 4,
    },
  },
  [4] = 1,
  [5] = 0,
},

LUA: server_respond_3312	{
  [1] = 69,
  [2] = 0,
  [3] =
  {
    [1] =
    {
      [1] = 1,
      [2] = 0,
      [3] = 0,
    },
    [2] =
    {
      [1] = 2,
      [2] = 0,
      [3] = 0,
    },
    [3] =
    {
      [1] = 3,
      [2] = 0,
      [3] = 0,
    },
    [4] =
    {
      [1] = 4,
      [2] = 0,
      [3] = 0,
    },
    [5] =
    {
      [1] = 11,
      [2] = 0,
      [3] = 0,
    },
    [6] =
    {
      [1] = 12,
      [2] = 0,
      [3] = 0,
    },
    [7] =
    {
      [1] = 13,
      [2] = 0,
      [3] = 0,
    },
    [8] =
    {
      [1] = 14,
      [2] = 0,
      [3] = 0,
    },
    [9] =
    {
      [1] = 21,
      [2] = 0,
      [3] = 0,
    },
    [10] =
    {
      [1] = 22,
      [2] = 0,
      [3] = 0,
    },
    [11] =
    {
      [1] = 23,
      [2] = 0,
      [3] = 0,
    },
    [12] =
    {
      [1] = 24,
      [2] = 0,
      [3] = 0,
    },
  },
  [4] =
  {
  },
},

LUA: module.unionScienceModule:133: 军团科技信息查询	{
  material =
  {
  },
  scienceList =
  {
    [1] =
    {
      level = 0,
      time = 0,
      id = 1,
    },
    [2] =
    {
      level = 0,
      time = 0,
      id = 2,
    },
    [3] =
    {
      level = 0,
      time = 0,
      id = 3,
    },
    [4] =
    {
      level = 0,
      time = 0,
      id = 4,
    },
    [24] =
    {
      level = 0,
      time = 0,
      id = 24,
    },
    [21] =
    {
      level = 0,
      time = 0,
      id = 21,
    },
    [22] =
    {
      level = 0,
      time = 0,
      id = 22,
    },
    [11] =
    {
      level = 0,
      time = 0,
      id = 11,
    },
    [12] =
    {
      level = 0,
      time = 0,
      id = 12,
    },
    [13] =
    {
      level = 0,
      time = 0,
      id = 13,
    },
    [14] =
    {
      level = 0,
      time = 0,
      id = 14,
    },
    [23] =
    {
      level = 0,
      time = 0,
      id = 23,
    },
  },
},

LUA: 查询海选返回	{
  [1] = 70,
  [2] = 0,
  [3] =
  {
    [1] = 10,
    [2] =
    {
    },
    [3] =
    {
    },
    [4] =
    {
    },
    [5] = 1,
    [6] = 1538227800.0,
    [7] = 1538310599.0,
    [8] = 1538310600.0,
    [9] = 1538311800.0,
    [10] = 1538314200.0,
    [11] = 0,
    [12] = 0,
    [13] = 0,
    [14] =
    {
    },
  },
},

LUA: 玩家抽卡信息刷新Succeed	1	{
  [1] = 1532088326.0,
  [2] = 0,
  [3] = 0,
  [4] = 0,
  [5] = 0,
  [6] = 101,
  [7] = 0,
  [8] = 1783285200.0,
  [9] = 0,
},

LUA: 玩家抽卡信息刷新Succeed	2	{
  [1] = 1532081126.0,
  [2] = 0,
  [3] = 0,
  [4] = 0,
  [5] = 0,
  [6] = 201,
  [7] = 0,
  [8] = 1783285200.0,
  [9] = 0,
},

LUA: 玩家抽卡信息刷新Succeed	8	{
  [1] = 1532088326.0,
  [2] = 0,
  [3] = 0,
  [4] = 0,
  [5] = 0,
  [6] = 401,
  [7] = 0,
  [8] = 1538344800.0,
  [9] = 0,
},

LUA: 玩家抽卡信息刷新Succeed	9	{
  [1] = 1538189839.0,
  [2] = 0,
  [3] = 0,
  [4] = 0,
  [5] = 0,
  [6] = 402,
  [7] = 0,
  [8] = 1538344800.0,
  [9] = 0,
},

LUA: 玩家抽卡信息刷新Succeed	3	{
  [1] = 1532088326.0,
  [2] = 1,
  [3] = 0,
  [4] = 0,
  [5] = 0,
  [6] = 11,
  [7] = 0,
  [8] = 1538323200.0,
  [9] = 999999,
},

ResourcesManager:ResetLoader
SceneManager sceneLoaded unload:login_scene2
Collect:
SceneManager LoadScenes:main_scene
LUA: 查询海选返回	{
  [1] = 87,
  [2] = 0,
  [3] =
  {
    [1] = 19,
    [2] =
    {
    },
    [3] =
    {
    },
    [4] =
    {
    },
    [5] = 2,
    [6] = 1538227800.0,
    [7] = 1538310599.0,
    [8] = 1538310600.0,
    [9] = 1538311800.0,
    [10] = 1538314200.0,
    [11] = 0,
    [12] = 0,
    [13] = 0,
    [14] =
    {
    },
  },
},

LUA: module.unionActivityModule:464: server_respond_3213	{
  [1] = 89,
  [2] = 0,
  [3] =
  {
    [1] =
    {
      [1] = 1,
      [2] = 1,
      [3] = 110010,
      [4] = 56627,
      [5] = 2669,
      [6] = 1533285817.0,
      [7] = 0,
    },
    [2] =
    {
      [1] = 1,
      [2] = 1,
      [3] = 120002,
      [4] = 56627,
      [5] = 2670,
      [6] = 1533285877.0,
      [7] = 0,
    },
    [3] =
    {
      [1] = 1,
      [2] = 1,
      [3] = 120002,
      [4] = 56627,
      [5] = 2671,
      [6] = 1533285937.0,
      [7] = 0,
    },
  },
},

SceneManager sceneLoaded unload:blank
SceneManager sceneLoaded:main_scene
LUA: 查询海选返回	{
  [1] = 90,
  [2] = 0,
  [3] =
  {
    [1] = 27,
    [2] =
    {
    },
    [3] =
    {
    },
    [4] =
    {
    },
    [5] = 3,
    [6] = 1538227800.0,
    [7] = 1538310599.0,
    [8] = 1538310600.0,
    [9] = 1538311800.0,
    [10] = 1538314200.0,
    [11] = 0,
    [12] = 0,
    [13] = 0,
    [14] =
    {
    },
  },
},

LUA: C_GUILD_WAR_QUERY_REPORT_RESPOND	{
  [1] = 94,
  [2] = 0,
  [3] =
  {
    [1] =
    {
      [1] = 1537718400.0,
      [2] = 1538308800.0,
      [3] = 1538310600.0,
    },
    [2] =
    {
      [1] = 0,
      [2] = 0,
      [3] = 6916,
    },
    [3] =
    {
    },
  },
},

LUA: updateStatus	0	nil	0	nil
LUA: guild pvp is not start, query history report	6916.0
LUA: 切换地图	1	stack traceback:
	utils.SceneStack:405: in function 'utils.SceneStack.EnterMap'
	[string "guide/login_map.lua"]:9: in main chunk
	utils.init:672: in function 'AssociatedLuaScript'
	[string "view/main_scene.lua"]:89: in method 'EnterMap'
	[string "view/main_scene.lua"]:81: in function <[string "view/main_scene.lua"]:46>
LUA: ImageName	loading_06
SceneManager sceneLoaded:blank
LUA: utils.NetworkService:28: server error	15002	{
  [1] = 108,
  [2] = 1,
},

LUA: module.ShopModule:283: 商店获取err shop_id:1001	1
ResourcesManager:ResetLoader
SceneManager sceneLoaded unload:main_scene
Collect:
SceneManager LoadScenes:cemetery_scene_new1
SceneManager sceneLoaded unload:blank
The referenced script on this Behaviour (Game Object '') is missing!
The referenced script on this Behaviour (Game Object 'UICamera') is missing!
SceneManager sceneLoaded:cemetery_scene_new1
LUA:  snake 邀请列表 =====	{
},

LUA: utils.NetworkService:28: server error	17028	{
  [1] = 119,
  [2] = 3,
},

LUA: [string "view/mapSceneUI/WorldBossBuffList.lua"]:54: ----------->>	table: 00000000C68DCA30
LUA: OperationQueueCall	1
LUA: error cmd	17028	3
LUA: _cityContuctInfo	0	0
LUA: module.unionModule:125: 成员个人信息	{
  [1] = 463856574108.0,
  [2] = 大和希伯来,
  [3] = 80,
  [4] = 1,
  [5] = 0,
  [6] = 0,
  [7] = true,
  [8] = 1538301883.0,
  [9] = 0,
  [10] = 0,
  [11] = 0,
  [12] = 0,
  [13] = 0,
  [14] = 0,
  [15] = 0,
  [16] = 0,
},
	0
LUA: 查询庄园随机NPC返回	463856574108	{
  [10026304] =
  {
    interact =
    {
    },
    id = 54,
    quest = 0,
    group = 2,
    dead_time = 1538301900.0,
    uuid = 13091,
    mode = 10026304,
    reward_count = 1,
    flag = 0,
    drop = 1401,
    fight = 0,
  },
  [9026408] =
  {
    interact =
    {
    },
    id = 84,
    quest = 23058,
    group = 3,
    dead_time = 0,
    uuid = 10913,
    mode = 9026408,
    reward_count = 10,
    flag = 0,
    drop = 0,
    fight = 60100008,
  },
  [10026405] =
  {
    interact =
    {
    },
    id = 71,
    quest = 0,
    group = 3,
    dead_time = 0,
    uuid = 10663,
    mode = 10026405,
    reward_count = 10,
    flag = 0,
    drop = 1406,
    fight = 0,
  },
  [10026403] =
  {
    interact =
    {
    },
    id = 69,
    quest = 0,
    group = 3,
    dead_time = 0,
    uuid = 10669,
    mode = 10026403,
    reward_count = 10,
    flag = 0,
    drop = 1405,
    fight = 0,
  },
  [9026400] =
  {
    interact =
    {
    },
    id = 76,
    quest = 23050,
    group = 3,
    dead_time = 0,
    uuid = 10919,
    mode = 9026400,
    reward_count = 10,
    flag = 0,
    drop = 0,
    fight = 60100007,
  },
  [9026101] =
  {
    interact =
    {
    },
    id = 2,
    quest = 23002,
    group = 1,
    dead_time = 1538304000.0,
    uuid = 12349,
    mode = 9026101,
    reward_count = 1,
    flag = 0,
    drop = 0,
    fight = 0,
  },
  [9026134] =
  {
    interact =
    {
    },
    id = 35,
    quest = 23035,
    group = 1,
    dead_time = 1538313600.0,
    uuid = 12892,
    mode = 9026134,
    reward_count = 1,
    flag = 0,
    drop = 0,
    fight = 0,
  },
  [9026135] =
  {
    interact =
    {
    },
    id = 36,
    quest = 23036,
    group = 1,
    dead_time = 1538306400.0,
    uuid = 12572,
    mode = 9026135,
    reward_count = 1,
    flag = 0,
    drop = 0,
    fight = 0,
  },
},

LUA: 引导框查看状态	cemetery_scene_new1	true
LUA: OperationQueueCall	2
LUA: OperationQueueCall	3
LUA: 切换地图	602	stack traceback:
	utils.SceneStack:405: in function 'utils.SceneStack.EnterMap'
	[string "view/ItemBag.lua"]:26: in function <[string "view/ItemBag.lua"]:24>
SceneManager sceneLoaded:blank
LUA: [string "view/mapSceneUI/WorldBossBuffList.lua"]:99: 销毁特效----------->>>>
ResourcesManager:ResetLoader
SceneManager sceneLoaded unload:cemetery_scene_new1
Collect:
SceneManager LoadScenes:map_mig_1
SceneManager sceneLoaded unload:blank
The referenced script on this Behaviour (Game Object 'UICamera') is missing!
The referenced script on this Behaviour (Game Object 'UICamera') is missing!
SceneManager sceneLoaded:map_mig_1
Failed to create agent because it is not close enough to the NavMesh
LUA: module.ChatModule:309: chat of all_map error	602	nil
LUA:  snake 邀请列表 =====	{
},

LUA: utils.NetworkService:28: server error	17028	{
  [1] = 141,
  [2] = 3,
},

LUA: [string "view/mapSceneUI/WorldBossBuffList.lua"]:54: ----------->>	table: 00000000D087DA70
LUA: error cmd	17028	3
player_大和希伯来 (UnityEngine.Transform)
LUA: [string "view/treasure_scene.lua"]:67: 1602001
LUA: [string "view/treasure_scene.lua"]:35: 加载NPC	{
  born_script = UI/baoxiang_2,
  id = 1602001,
  halo_effect = 0,
  fight_id = 0,
  type = 0,
  scale_rate = 1.0,
  effect = 0,
  mode = 0,
  mode_type = 3,
  name = <color=#00ff48>宝箱</color>,
  script = migCollection,
  drop = 0,
},
	table: 00000000D09311B0
NullReferenceException: Object reference not set to an instance of an object
LUA: born_script	UI/baoxiang_2
LUA: [string "view/treasure_scene.lua"]:67: 1602002
LUA: [string "view/treasure_scene.lua"]:35: 加载NPC	{
  born_script = UI/baoxiang_2,
  id = 1602002,
  halo_effect = 0,
  fight_id = 0,
  type = 0,
  scale_rate = 1.0,
  effect = 0,
  mode = 0,
  mode_type = 3,
  name = <color=#00ff49>宝箱</color>,
  script = migCollection,
  drop = 0,
},
	table: 00000000D093E530
NullReferenceException: Object reference not set to an instance of an object
LUA: born_script	UI/baoxiang_2
LUA: [string "view/treasure_scene.lua"]:67: 1602003
LUA: [string "view/treasure_scene.lua"]:35: 加载NPC	{
  born_script = UI/baoxiang_2,
  id = 1602003,
  halo_effect = 0,
  fight_id = 0,
  type = 0,
  scale_rate = 1.0,
  effect = 0,
  mode = 0,
  mode_type = 3,
  name = <color=#00ff50>宝箱</color>,
  script = migCollection,
  drop = 0,
},
	table: 00000000D0937030
NullReferenceException: Object reference not set to an instance of an object
LUA: born_script	UI/baoxiang_2
LUA: [string "view/treasure_scene.lua"]:67: 1602004
LUA: [string "view/treasure_scene.lua"]:35: 加载NPC	{
  born_script = UI/baoxiang_2,
  id = 1602004,
  halo_effect = 0,
  fight_id = 0,
  type = 0,
  scale_rate = 1.0,
  effect = 0,
  mode = 0,
  mode_type = 3,
  name = <color=#00ff51>宝箱</color>,
  script = migCollection,
  drop = 0,
},
	table: 00000000D0937930
NullReferenceException: Object reference not set to an instance of an object
LUA: born_script	UI/baoxiang_2
LUA: [string "view/treasure_scene.lua"]:67: 1602005
LUA: [string "view/treasure_scene.lua"]:35: 加载NPC	{
  born_script = UI/baoxiang_2,
  id = 1602005,
  halo_effect = 0,
  fight_id = 0,
  type = 0,
  scale_rate = 1.0,
  effect = 0,
  mode = 0,
  mode_type = 3,
  name = <color=#00ff52>宝箱</color>,
  script = migCollection,
  drop = 0,
},
	table: 00000000D093E9B0
NullReferenceException: Object reference not set to an instance of an object
LUA: born_script	UI/baoxiang_2
LUA: [string "view/treasure_scene.lua"]:67: 1602006
LUA: [string "view/treasure_scene.lua"]:35: 加载NPC	{
  born_script = UI/baoxiang_2,
  id = 1602006,
  halo_effect = 0,
  fight_id = 0,
  type = 0,
  scale_rate = 1.0,
  effect = 0,
  mode = 0,
  mode_type = 3,
  name = <color=#00ff53>宝箱</color>,
  script = migCollection,
  drop = 0,
},
	table: 00000000D0933D30
NullReferenceException: Object reference not set to an instance of an object
LUA: born_script	UI/baoxiang_2
LUA: [string "view/treasure_scene.lua"]:67: 1602007
LUA: [string "view/treasure_scene.lua"]:35: 加载NPC	{
  born_script = UI/baoxiang_2,
  id = 1602007,
  halo_effect = 0,
  fight_id = 0,
  type = 0,
  scale_rate = 1.0,
  effect = 0,
  mode = 0,
  mode_type = 3,
  name = <color=#00ff54>宝箱</color>,
  script = migCollection,
  drop = 0,
},
	table: 00000000D09368B0
NullReferenceException: Object reference not set to an instance of an object
LUA: born_script	UI/baoxiang_2
LUA: [string "view/treasure_scene.lua"]:67: 1602008
LUA: [string "view/treasure_scene.lua"]:35: 加载NPC	{
  born_script = UI/baoxiang_2,
  id = 1602008,
  halo_effect = 0,
  fight_id = 0,
  type = 0,
  scale_rate = 1.0,
  effect = 0,
  mode = 0,
  mode_type = 3,
  name = <color=#00ff55>宝箱</color>,
  script = migCollection,
  drop = 0,
},
	table: 00000000D0939A30
NullReferenceException: Object reference not set to an instance of an object
LUA: born_script	UI/baoxiang_2
LUA: [string "view/treasure_scene.lua"]:67: 1602009
LUA: [string "view/treasure_scene.lua"]:35: 加载NPC	{
  born_script = UI/baoxiang_2,
  id = 1602009,
  halo_effect = 0,
  fight_id = 0,
  type = 0,
  scale_rate = 1.0,
  effect = 0,
  mode = 0,
  mode_type = 3,
  name = <color=#00ff56>宝箱</color>,
  script = migCollection,
  drop = 0,
},
	table: 00000000D0936130
NullReferenceException: Object reference not set to an instance of an object
LUA: born_script	UI/baoxiang_2
LUA: [string "view/treasure_scene.lua"]:67: 1602010
LUA: [string "view/treasure_scene.lua"]:35: 加载NPC	{
  born_script = UI/baoxiang_2,
  id = 1602010,
  halo_effect = 0,
  fight_id = 0,
  type = 0,
  scale_rate = 1.0,
  effect = 0,
  mode = 0,
  mode_type = 3,
  name = <color=#00ff57>宝箱</color>,
  script = migCollection,
  drop = 0,
},
	table: 00000000D093D1B0
NullReferenceException: Object reference not set to an instance of an object
LUA: born_script	UI/baoxiang_2
LUA: [string "view/treasure_scene.lua"]:67: 1602011
LUA: [string "view/treasure_scene.lua"]:35: 加载NPC	{
  born_script = UI/baoxiang_2,
  id = 1602011,
  halo_effect = 0,
  fight_id = 0,
  type = 0,
  scale_rate = 1.0,
  effect = 0,
  mode = 0,
  mode_type = 3,
  name = <color=#00ff58>宝箱</color>,
  script = migCollection,
  drop = 0,
},
	table: 00000000D093C730
NullReferenceException: Object reference not set to an instance of an object
LUA: born_script	UI/baoxiang_2
LUA: [string "view/treasure_scene.lua"]:67: 1602012
LUA: [string "view/treasure_scene.lua"]:35: 加载NPC	{
  born_script = UI/baoxiang_2,
  id = 1602012,
  halo_effect = 0,
  fight_id = 0,
  type = 0,
  scale_rate = 1.0,
  effect = 0,
  mode = 0,
  mode_type = 3,
  name = <color=#00ff59>宝箱</color>,
  script = migCollection,
  drop = 0,
},
	table: 00000000D093DF30
NullReferenceException: Object reference not set to an instance of an object
LUA: born_script	UI/baoxiang_2
LUA: [string "view/treasure_scene.lua"]:67: 1602013
LUA: [string "view/treasure_scene.lua"]:35: 加载NPC	{
  born_script = UI/baoxiang_2,
  id = 1602013,
  halo_effect = 0,
  fight_id = 0,
  type = 0,
  scale_rate = 1.0,
  effect = 0,
  mode = 0,
  mode_type = 3,
  name = <color=#00ff60>宝箱</color>,
  script = migCollection,
  drop = 0,
},
	table: 00000000D09308B0
NullReferenceException: Object reference not set to an instance of an object
LUA: born_script	UI/baoxiang_2
LUA: [string "view/treasure_scene.lua"]:67: 1602014
LUA: [string "view/treasure_scene.lua"]:35: 加载NPC	{
  born_script = UI/fx_chuans_door,
  id = 1602014,
  halo_effect = 0,
  fight_id = 0,
  type = 0,
  scale_rate = 1.0,
  effect = 0,
  mode = 0,
  mode_type = 3,
  name = <color=#00ff61>传送门</color>,
  script = migPortal,
  drop = 0,
},
	table: 00000000D0934930
NullReferenceException: Object reference not set to an instance of an object
LUA: born_script	UI/fx_chuans_door
LUA: [string "view/treasure_scene.lua"]:67: 1602015
LUA: [string "view/treasure_scene.lua"]:35: 加载NPC	{
  born_script = UI/fx_chuans_door,
  id = 1602015,
  halo_effect = 0,
  fight_id = 0,
  type = 0,
  scale_rate = 1.0,
  effect = 0,
  mode = 0,
  mode_type = 3,
  name = <color=#00ff62>传送门</color>,
  script = migPortal,
  drop = 0,
},
	table: 00000000D093E6B0
NullReferenceException: Object reference not set to an instance of an object
LUA: born_script	UI/fx_chuans_door
NullReferenceException: Object reference not set to an instance of an object
LUA: utils.EventManager:63: c# exception:System.InvalidCastException: Cannot cast from source type to destination type.
  at ConfigWrap3994.icon3996 (IntPtr L) [0x00000] in <filename unknown>:0 	stack traceback:
	utils.EventManager:63: in function <utils.EventManager:62>
	[C]: in ?
	[C]: in metamethod '__newindex'
	[string "view/treasure_scene.lua"]:128: in method 'onEvent'
	utils.init:72: in function <utils.init:71>
	[C]: in function 'xpcall'
	utils.EventManager:62: in upvalue 'EventManager_CallList'
	utils.EventManager:84: in upvalue 'EventManager_Call'
	utils.EventManager:125: in upvalue 'EventManager_Tick'
	utils.EventManager:163: in function 'utils.EventManager.Tick'
release all patch bundles
LUA: [string "view/mapSceneUI/WorldBossBuffList.lua"]:99: 销毁特效----------->>>>
